
> storychain@0.1.0 server
> node server.js

 ⚠ Warning: Next.js inferred your workspace root, but it may not be correct.
 We detected multiple lockfiles and selected the directory of /Users/haadirazzak/package-lock.json as the root directory.
 To silence this warning, set `turbopack.root` in your Next.js config, or consider removing one of the lockfiles if it's not needed.
   See https://nextjs.org/docs/app/api-reference/config/next-config-js/turbopack#root-directory for more information.
 Detected additional lockfiles: 
   * /Users/haadirazzak/Desktop/storychain/package-lock.json

Server running on port 3000
 GET / 200 in 1404ms (compile: 1320ms, render: 84ms)
User connected: pid1XjoaUvUkTIO-AAAB
User disconnected: pid1XjoaUvUkTIO-AAAB
 GET / 200 in 58ms (compile: 30ms, render: 28ms)
User connected: Br8OUNqqlmiYzoo_AAAD
 GET / 200 in 37ms (compile: 10ms, render: 27ms)
User connected: itodF7kc9SoZnc0VAAAF
User disconnected: itodF7kc9SoZnc0VAAAF
 ✓ Compiled in 30ms
 ✓ Compiled in 24ms
 ✓ Compiled in 21ms
 ✓ Compiled in 26ms
 ✓ Compiled in 11ms
 ✓ Compiled in 20ms
 ✓ Compiled in 11ms
 ✓ Compiled in 19ms
 ✓ Compiled in 18ms
